Release 14.2 - xst P.28xd (nt64)
Copyright (c) 1995-2012 Xilinx, Inc.  All rights reserved.
--> Parameter TMPDIR set to xst/projnav.tmp


Total REAL time to Xst completion: 0.00 secs
Total CPU time to Xst completion: 0.19 secs
 
--> Parameter xsthdpdir set to xst


Total REAL time to Xst completion: 0.00 secs
Total CPU time to Xst completion: 0.19 secs
 
--> Reading design: square.prj

TABLE OF CONTENTS
  1) Synthesis Options Summary
  2) HDL Compilation
  3) Design Hierarchy Analysis
  4) HDL Analysis
  5) HDL Synthesis
     5.1) HDL Synthesis Report
  6) Advanced HDL Synthesis
     6.1) Advanced HDL Synthesis Report
  7) Low Level Synthesis
  8) Partition Report
  9) Final Report
	9.1) Device utilization summary
	9.2) Partition Resource Summary
	9.3) TIMING REPORT


=========================================================================
*                      Synthesis Options Summary                        *
=========================================================================
---- Source Parameters
Input File Name                    : "square.prj"
Input Format                       : mixed
Ignore Synthesis Constraint File   : NO

---- Target Parameters
Output File Name                   : "square"
Output Format                      : NGC
Target Device                      : xc3s50a-5-tq144

---- Source Options
Top Module Name                    : square
Automatic FSM Extraction           : YES
FSM Encoding Algorithm             : Auto
Safe Implementation                : No
FSM Style                          : LUT
RAM Extraction                     : Yes
RAM Style                          : Auto
ROM Extraction                     : Yes
Mux Style                          : Auto
Decoder Extraction                 : YES
Priority Encoder Extraction        : Yes
Shift Register Extraction          : YES
Logical Shifter Extraction         : YES
XOR Collapsing                     : YES
ROM Style                          : Auto
Mux Extraction                     : Yes
Resource Sharing                   : YES
Asynchronous To Synchronous        : NO
Multiplier Style                   : Auto
Automatic Register Balancing       : No

---- Target Options
Add IO Buffers                     : YES
Global Maximum Fanout              : 500
Add Generic Clock Buffer(BUFG)     : 24
Register Duplication               : YES
Slice Packing                      : YES
Optimize Instantiated Primitives   : NO
Use Clock Enable                   : Yes
Use Synchronous Set                : Yes
Use Synchronous Reset              : Yes
Pack IO Registers into IOBs        : Auto
Equivalent register Removal        : YES

---- General Options
Optimization Goal                  : Speed
Optimization Effort                : 1
Keep Hierarchy                     : No
Netlist Hierarchy                  : As_Optimized
RTL Output                         : Yes
Global Optimization                : AllClockNets
Read Cores                         : YES
Write Timing Constraints           : NO
Cross Clock Analysis               : NO
Hierarchy Separator                : /
Bus Delimiter                      : <>
Case Specifier                     : Maintain
Slice Utilization Ratio            : 100
BRAM Utilization Ratio             : 100
Verilog 2001                       : YES
Auto BRAM Packing                  : NO
Slice Utilization Ratio Delta      : 5

=========================================================================


=========================================================================
*                          HDL Compilation                              *
=========================================================================
Compiling verilog file "square.v" in library work
Module <square> compiled
No errors in compilation
Analysis of file <"square.prj"> succeeded.
 

=========================================================================
*                     Design Hierarchy Analysis                         *
=========================================================================
Analyzing hierarchy for module <square> in library <work> with parameters.
	N = "00000000000000000000000000011001"
	ccw = "1"
	cw = "0"


=========================================================================
*                            HDL Analysis                               *
=========================================================================
Analyzing top module <square>.
	N = 32'sb00000000000000000000000000011001
	ccw = 1'b1
	cw = 1'b0
Module <square> is correct for synthesis.
 

=========================================================================
*                           HDL Synthesis                               *
=========================================================================

Performing bidirectional port resolution...

Synthesizing Unit <square>.
    Related source file is "square.v".
    Found 4x8-bit ROM for signal <sseg>.
    Found 25-bit up counter for signal <cnt>.
    Found 1-bit register for signal <l_sq>.
    Found 1-bit register for signal <u_sq>.
    Summary:
	inferred   1 ROM(s).
	inferred   1 Counter(s).
	inferred   2 D-type flip-flop(s).
Unit <square> synthesized.


=========================================================================
HDL Synthesis Report

Macro Statistics
# ROMs                                                 : 1
 4x8-bit ROM                                           : 1
# Counters                                             : 1
 25-bit up counter                                     : 1
# Registers                                            : 2
 1-bit register                                        : 2

=========================================================================

=========================================================================
*                       Advanced HDL Synthesis                          *
=========================================================================


=========================================================================
Advanced HDL Synthesis Report

Macro Statistics
# ROMs                                                 : 1
 4x8-bit ROM                                           : 1
# Counters                                             : 1
 25-bit up counter                                     : 1
# Registers                                            : 2
 Flip-Flops                                            : 2

=========================================================================

=========================================================================
*                         Low Level Synthesis                           *
=========================================================================

Optimizing unit <square> ...

Mapping all equations...
Building and optimizing final netlist ...
Found area constraint ratio of 100 (+ 5) on block square, actual ratio is 2.

Final Macro Processing ...

=========================================================================
Final Register Report

Macro Statistics
# Registers                                            : 27
 Flip-Flops                                            : 27

=========================================================================

=========================================================================
*                           Partition Report                            *
=========================================================================

Partition Implementation Status
-------------------------------

  No Partitions were found in this design.

-------------------------------

=========================================================================
*                            Final Report                               *
=========================================================================
Final Results
RTL Top Level Output File Name     : square.ngr
Top Level Output File Name         : square
Output Format                      : NGC
Optimization Goal                  : Speed
Keep Hierarchy                     : No

Design Statistics
# IOs                              : 15

Cell Usage :
# BELS                             : 90
#      GND                         : 1
#      INV                         : 1
#      LUT1                        : 1
#      LUT2                        : 3
#      LUT3                        : 5
#      LUT4                        : 27
#      MUXCY                       : 24
#      MUXF5                       : 2
#      VCC                         : 1
#      XORCY                       : 25
# FlipFlops/Latches                : 27
#      FDC                         : 2
#      FDCE                        : 25
# Clock Buffers                    : 1
#      BUFGP                       : 1
# IO Buffers                       : 14
#      IBUF                        : 3
#      OBUF                        : 11
=========================================================================

Device utilization summary:
---------------------------

Selected Device : 3s50atq144-5 

 Number of Slices:                       19  out of    704     2%  
 Number of Slice Flip Flops:             27  out of   1408     1%  
 Number of 4 input LUTs:                 37  out of   1408     2%  
 Number of IOs:                          15
 Number of bonded IOBs:                  15  out of    108    13%  
 Number of GCLKs:                         1  out of     24     4%  

---------------------------
Partition Resource Summary:
---------------------------

  No Partitions were found in this design.

---------------------------


=========================================================================
TIMING REPORT

NOTE: THESE TIMING NUMBERS ARE ONLY A SYNTHESIS ESTIMATE.
      FOR ACCURATE TIMING INFORMATION PLEASE REFER TO THE TRACE REPORT
      GENERATED AFTER PLACE-and-ROUTE.

Clock Information:
------------------
-----------------------------------+------------------------+-------+
Clock Signal                       | Clock buffer(FF name)  | Load  |
-----------------------------------+------------------------+-------+
clk                                | BUFGP                  | 27    |
-----------------------------------+------------------------+-------+

Asynchronous Control Signals Information:
----------------------------------------
-----------------------------------+------------------------+-------+
Control Signal                     | Buffer(FF name)        | Load  |
-----------------------------------+------------------------+-------+
rst_n_inv(rst_n_inv1_INV_0:O)      | NONE(cnt_0)            | 27    |
-----------------------------------+------------------------+-------+

Timing Summary:
---------------
Speed Grade: -5

   Minimum period: 5.065ns (Maximum Frequency: 197.428MHz)
   Minimum input arrival time before clock: 2.971ns
   Maximum output required time after clock: 6.990ns
   Maximum combinational path delay: No path found

Timing Detail:
--------------
All values displayed in nanoseconds (ns)

=========================================================================
Timing constraint: Default period analysis for Clock 'clk'
  Clock period: 5.065ns (frequency: 197.428MHz)
  Total number of paths / destination ports: 1452 / 52
-------------------------------------------------------------------------
Delay:               5.065ns (Levels of Logic = 26)
  Source:            cnt_22 (FF)
  Destination:       cnt_24 (FF)
  Source Clock:      clk rising
  Destination Clock: clk rising

  Data Path: cnt_22 to cnt_24
                                Gate     Net
    Cell:in->out      fanout   Delay   Delay  Logical Name (Net Name)
    ----------------------------------------  ------------
     FDCE:C->Q            33   0.495   1.139  cnt_22 (cnt_22)
     LUT4:I1->O            1   0.562   0.000  Mcount_cnt_lut<0> (Mcount_cnt_lut<0>)
     MUXCY:S->O            1   0.523   0.000  Mcount_cnt_cy<0> (Mcount_cnt_cy<0>)
     MUXCY:CI->O           1   0.065   0.000  Mcount_cnt_cy<1> (Mcount_cnt_cy<1>)
     MUXCY:CI->O           1   0.065   0.000  Mcount_cnt_cy<2> (Mcount_cnt_cy<2>)
     MUXCY:CI->O           1   0.065   0.000  Mcount_cnt_cy<3> (Mcount_cnt_cy<3>)
     MUXCY:CI->O           1   0.065   0.000  Mcount_cnt_cy<4> (Mcount_cnt_cy<4>)
     MUXCY:CI->O           1   0.065   0.000  Mcount_cnt_cy<5> (Mcount_cnt_cy<5>)
     MUXCY:CI->O           1   0.065   0.000  Mcount_cnt_cy<6> (Mcount_cnt_cy<6>)
     MUXCY:CI->O           1   0.065   0.000  Mcount_cnt_cy<7> (Mcount_cnt_cy<7>)
     MUXCY:CI->O           1   0.065   0.000  Mcount_cnt_cy<8> (Mcount_cnt_cy<8>)
     MUXCY:CI->O           1   0.065   0.000  Mcount_cnt_cy<9> (Mcount_cnt_cy<9>)
     MUXCY:CI->O           1   0.065   0.000  Mcount_cnt_cy<10> (Mcount_cnt_cy<10>)
     MUXCY:CI->O           1   0.065   0.000  Mcount_cnt_cy<11> (Mcount_cnt_cy<11>)
     MUXCY:CI->O           1   0.065   0.000  Mcount_cnt_cy<12> (Mcount_cnt_cy<12>)
     MUXCY:CI->O           1   0.065   0.000  Mcount_cnt_cy<13> (Mcount_cnt_cy<13>)
     MUXCY:CI->O           1   0.065   0.000  Mcount_cnt_cy<14> (Mcount_cnt_cy<14>)
     MUXCY:CI->O           1   0.065   0.000  Mcount_cnt_cy<15> (Mcount_cnt_cy<15>)
     MUXCY:CI->O           1   0.065   0.000  Mcount_cnt_cy<16> (Mcount_cnt_cy<16>)
     MUXCY:CI->O           1   0.065   0.000  Mcount_cnt_cy<17> (Mcount_cnt_cy<17>)
     MUXCY:CI->O           1   0.065   0.000  Mcount_cnt_cy<18> (Mcount_cnt_cy<18>)
     MUXCY:CI->O           1   0.065   0.000  Mcount_cnt_cy<19> (Mcount_cnt_cy<19>)
     MUXCY:CI->O           1   0.065   0.000  Mcount_cnt_cy<20> (Mcount_cnt_cy<20>)
     MUXCY:CI->O           1   0.065   0.000  Mcount_cnt_cy<21> (Mcount_cnt_cy<21>)
     MUXCY:CI->O           1   0.065   0.000  Mcount_cnt_cy<22> (Mcount_cnt_cy<22>)
     MUXCY:CI->O           0   0.065   0.000  Mcount_cnt_cy<23> (Mcount_cnt_cy<23>)
     XORCY:CI->O           1   0.654   0.000  Mcount_cnt_xor<24> (Mcount_cnt24)
     FDCE:D                    0.197          cnt_24
    ----------------------------------------
    Total                      5.065ns (3.926ns logic, 1.139ns route)
                                       (77.5% logic, 22.5% route)

=========================================================================
Timing constraint: Default OFFSET IN BEFORE for Clock 'clk'
  Total number of paths / destination ports: 29 / 27
-------------------------------------------------------------------------
Offset:              2.971ns (Levels of Logic = 2)
  Source:            pause (PAD)
  Destination:       cnt_0 (FF)
  Destination Clock: clk rising

  Data Path: pause to cnt_0
                                Gate     Net
    Cell:in->out      fanout   Delay   Delay  Logical Name (Net Name)
    ----------------------------------------  ------------
     IBUF:I->O             1   0.824   0.359  pause_IBUF (pause_IBUF)
     LUT4:I3->O           25   0.561   1.071  cnt_not00011 (cnt_not0001)
     FDCE:CE                   0.156          cnt_0
    ----------------------------------------
    Total                      2.971ns (1.541ns logic, 1.430ns route)
                                       (51.9% logic, 48.1% route)

=========================================================================
Timing constraint: Default OFFSET OUT AFTER for Clock 'clk'
  Total number of paths / destination ports: 20 / 9
-------------------------------------------------------------------------
Offset:              6.990ns (Levels of Logic = 2)
  Source:            cnt_23 (FF)
  Destination:       en<2> (PAD)
  Source Clock:      clk rising

  Data Path: cnt_23 to en<2>
                                Gate     Net
    Cell:in->out      fanout   Delay   Delay  Logical Name (Net Name)
    ----------------------------------------  ------------
     FDCE:C->Q            33   0.495   1.181  cnt_23 (cnt_23)
     LUT2:I0->O            1   0.561   0.357  en<2>1 (en_2_OBUF)
     OBUF:I->O                 4.396          en_2_OBUF (en<2>)
    ----------------------------------------
    Total                      6.990ns (5.452ns logic, 1.538ns route)
                                       (78.0% logic, 22.0% route)

=========================================================================


Total REAL time to Xst completion: 11.00 secs
Total CPU time to Xst completion: 10.45 secs
 
--> 

Total memory usage is 4530696 kilobytes

Number of errors   :    0 (   0 filtered)
Number of warnings :    0 (   0 filtered)
Number of infos    :    0 (   0 filtered)

