Release 14.2 - xst P.28xd (nt64)
Copyright (c) 1995-2012 Xilinx, Inc.  All rights reserved.
--> Parameter TMPDIR set to xst/projnav.tmp


Total REAL time to Xst completion: 0.00 secs
Total CPU time to Xst completion: 0.28 secs
 
--> Parameter xsthdpdir set to xst


Total REAL time to Xst completion: 0.00 secs
Total CPU time to Xst completion: 0.28 secs
 
--> Reading design: BCD2bin.prj

TABLE OF CONTENTS
  1) Synthesis Options Summary
  2) HDL Compilation
  3) Design Hierarchy Analysis
  4) HDL Analysis
  5) HDL Synthesis
     5.1) HDL Synthesis Report
  6) Advanced HDL Synthesis
     6.1) Advanced HDL Synthesis Report
  7) Low Level Synthesis
  8) Partition Report
  9) Final Report
	9.1) Device utilization summary
	9.2) Partition Resource Summary
	9.3) TIMING REPORT


=========================================================================
*                      Synthesis Options Summary                        *
=========================================================================
---- Source Parameters
Input File Name                    : "BCD2bin.prj"
Input Format                       : mixed
Ignore Synthesis Constraint File   : NO

---- Target Parameters
Output File Name                   : "BCD2bin"
Output Format                      : NGC
Target Device                      : xc3s50a-5-tq144

---- Source Options
Top Module Name                    : BCD2bin
Automatic FSM Extraction           : YES
FSM Encoding Algorithm             : Auto
Safe Implementation                : No
FSM Style                          : LUT
RAM Extraction                     : Yes
RAM Style                          : Auto
ROM Extraction                     : Yes
Mux Style                          : Auto
Decoder Extraction                 : YES
Priority Encoder Extraction        : Yes
Shift Register Extraction          : YES
Logical Shifter Extraction         : YES
XOR Collapsing                     : YES
ROM Style                          : Auto
Mux Extraction                     : Yes
Resource Sharing                   : YES
Asynchronous To Synchronous        : NO
Multiplier Style                   : Auto
Automatic Register Balancing       : No

---- Target Options
Add IO Buffers                     : YES
Global Maximum Fanout              : 100000
Add Generic Clock Buffer(BUFG)     : 24
Register Duplication               : YES
Slice Packing                      : YES
Optimize Instantiated Primitives   : NO
Use Clock Enable                   : Yes
Use Synchronous Set                : Yes
Use Synchronous Reset              : Yes
Pack IO Registers into IOBs        : Auto
Equivalent register Removal        : YES

---- General Options
Optimization Goal                  : Speed
Optimization Effort                : 1
Keep Hierarchy                     : No
Netlist Hierarchy                  : As_Optimized
RTL Output                         : Yes
Global Optimization                : AllClockNets
Read Cores                         : YES
Write Timing Constraints           : NO
Cross Clock Analysis               : NO
Hierarchy Separator                : /
Bus Delimiter                      : <>
Case Specifier                     : Maintain
Slice Utilization Ratio            : 100
BRAM Utilization Ratio             : 100
Verilog 2001                       : YES
Auto BRAM Packing                  : NO
Slice Utilization Ratio Delta      : 5

=========================================================================


=========================================================================
*                          HDL Compilation                              *
=========================================================================
Compiling verilog file "BCD2bin.v" in library work
Module <BCD2bin> compiled
No errors in compilation
Analysis of file <"BCD2bin.prj"> succeeded.
 

=========================================================================
*                     Design Hierarchy Analysis                         *
=========================================================================
Analyzing hierarchy for module <BCD2bin> in library <work> with parameters.
	compute = "1"
	idle = "0"
	nshift = "00000000000000000000000000001000"


=========================================================================
*                            HDL Analysis                               *
=========================================================================
Analyzing top module <BCD2bin>.
	compute = 1'b1
	idle = 1'b0
	nshift = 32'sb00000000000000000000000000001000
Module <BCD2bin> is correct for synthesis.
 

=========================================================================
*                           HDL Synthesis                               *
=========================================================================

Performing bidirectional port resolution...

Synthesizing Unit <BCD2bin>.
    Related source file is "BCD2bin.v".
    Found 4-bit subtractor for signal <$sub0000> created at line 86.
    Found 4-bit comparator greater for signal <BCD_next_3$cmp_gt0000> created at line 85.
    Found 8-bit register for signal <BCD_prev>.
    Found 8-bit register for signal <BCD_reg>.
    Found 7-bit register for signal <bin_reg>.
    Found 3-bit register for signal <shift_count_reg>.
    Found 8-bit comparator not equal for signal <start>.
    Found 1-bit register for signal <state_reg>.
    Summary:
	inferred  27 D-type flip-flop(s).
	inferred   2 Adder/Subtractor(s).
	inferred   2 Comparator(s).
Unit <BCD2bin> synthesized.


=========================================================================
HDL Synthesis Report

Macro Statistics
# Adders/Subtractors                                   : 2
 3-bit adder                                           : 1
 4-bit subtractor                                      : 1
# Registers                                            : 5
 1-bit register                                        : 1
 3-bit register                                        : 1
 7-bit register                                        : 1
 8-bit register                                        : 2
# Comparators                                          : 2
 4-bit comparator greater                              : 1
 8-bit comparator not equal                            : 1

=========================================================================

=========================================================================
*                       Advanced HDL Synthesis                          *
=========================================================================


=========================================================================
Advanced HDL Synthesis Report

Macro Statistics
# Adders/Subtractors                                   : 2
 3-bit adder                                           : 1
 4-bit subtractor                                      : 1
# Registers                                            : 27
 Flip-Flops                                            : 27
# Comparators                                          : 2
 4-bit comparator greater                              : 1
 8-bit comparator not equal                            : 1

=========================================================================

=========================================================================
*                         Low Level Synthesis                           *
=========================================================================

Optimizing unit <BCD2bin> ...

Mapping all equations...
Building and optimizing final netlist ...
Found area constraint ratio of 100 (+ 5) on block BCD2bin, actual ratio is 2.

Final Macro Processing ...

=========================================================================
Final Register Report

Macro Statistics
# Registers                                            : 27
 Flip-Flops                                            : 27

=========================================================================

=========================================================================
*                           Partition Report                            *
=========================================================================

Partition Implementation Status
-------------------------------

  No Partitions were found in this design.

-------------------------------

=========================================================================
*                            Final Report                               *
=========================================================================
Final Results
RTL Top Level Output File Name     : BCD2bin.ngr
Top Level Output File Name         : BCD2bin
Output Format                      : NGC
Optimization Goal                  : Speed
Keep Hierarchy                     : No

Design Statistics
# IOs                              : 17

Cell Usage :
# BELS                             : 43
#      INV                         : 1
#      LUT2_L                      : 2
#      LUT3                        : 12
#      LUT3_L                      : 4
#      LUT4                        : 18
#      LUT4_D                      : 2
#      LUT4_L                      : 2
#      MUXF5                       : 2
# FlipFlops/Latches                : 27
#      FDC                         : 27
# Clock Buffers                    : 1
#      BUFGP                       : 1
# IO Buffers                       : 16
#      IBUF                        : 9
#      OBUF                        : 7
=========================================================================

Device utilization summary:
---------------------------

Selected Device : 3s50atq144-5 

 Number of Slices:                       22  out of    704     3%  
 Number of Slice Flip Flops:             27  out of   1408     1%  
 Number of 4 input LUTs:                 41  out of   1408     2%  
 Number of IOs:                          17
 Number of bonded IOBs:                  17  out of    108    15%  
 Number of GCLKs:                         1  out of     24     4%  

---------------------------
Partition Resource Summary:
---------------------------

  No Partitions were found in this design.

---------------------------


=========================================================================
TIMING REPORT

NOTE: THESE TIMING NUMBERS ARE ONLY A SYNTHESIS ESTIMATE.
      FOR ACCURATE TIMING INFORMATION PLEASE REFER TO THE TRACE REPORT
      GENERATED AFTER PLACE-and-ROUTE.

Clock Information:
------------------
-----------------------------------+------------------------+-------+
Clock Signal                       | Clock buffer(FF name)  | Load  |
-----------------------------------+------------------------+-------+
clk                                | BUFGP                  | 27    |
-----------------------------------+------------------------+-------+

Asynchronous Control Signals Information:
----------------------------------------
-----------------------------------+------------------------+-------+
Control Signal                     | Buffer(FF name)        | Load  |
-----------------------------------+------------------------+-------+
rst_n_inv(rst_n_inv1_INV_0:O)      | NONE(BCD_prev_0)       | 27    |
-----------------------------------+------------------------+-------+

Timing Summary:
---------------
Speed Grade: -5

   Minimum period: 4.353ns (Maximum Frequency: 229.713MHz)
   Minimum input arrival time before clock: 4.862ns
   Maximum output required time after clock: 5.342ns
   Maximum combinational path delay: No path found

Timing Detail:
--------------
All values displayed in nanoseconds (ns)

=========================================================================
Timing constraint: Default period analysis for Clock 'clk'
  Clock period: 4.353ns (frequency: 229.713MHz)
  Total number of paths / destination ports: 239 / 19
-------------------------------------------------------------------------
Delay:               4.353ns (Levels of Logic = 4)
  Source:            BCD_prev_4 (FF)
  Destination:       BCD_reg_2 (FF)
  Source Clock:      clk rising
  Destination Clock: clk rising

  Data Path: BCD_prev_4 to BCD_reg_2
                                Gate     Net
    Cell:in->out      fanout   Delay   Delay  Logical Name (Net Name)
    ----------------------------------------  ------------
     FDC:C->Q              1   0.495   0.380  BCD_prev_4 (BCD_prev_4)
     LUT4:I2->O            1   0.561   0.423  start65 (start65)
     LUT4:I1->O           19   0.562   0.945  start164 (start)
     LUT3:I2->O            1   0.561   0.000  BCD_next_3_mux00002 (BCD_next_3_mux00001)
     MUXF5:I0->O           1   0.229   0.000  BCD_next_3_mux0000_f5 (BCD_next<3>)
     FDC:D                     0.197          BCD_reg_3
    ----------------------------------------
    Total                      4.353ns (2.605ns logic, 1.748ns route)
                                       (59.8% logic, 40.2% route)

=========================================================================
Timing constraint: Default OFFSET IN BEFORE for Clock 'clk'
  Total number of paths / destination ports: 168 / 27
-------------------------------------------------------------------------
Offset:              4.862ns (Levels of Logic = 5)
  Source:            BCD<4> (PAD)
  Destination:       BCD_reg_2 (FF)
  Destination Clock: clk rising

  Data Path: BCD<4> to BCD_reg_2
                                Gate     Net
    Cell:in->out      fanout   Delay   Delay  Logical Name (Net Name)
    ----------------------------------------  ------------
     IBUF:I->O             3   0.824   0.559  BCD_4_IBUF (BCD_4_IBUF)
     LUT4:I0->O            1   0.561   0.423  start65 (start65)
     LUT4:I1->O           19   0.562   0.945  start164 (start)
     LUT3:I2->O            1   0.561   0.000  BCD_next_3_mux00002 (BCD_next_3_mux00001)
     MUXF5:I0->O           1   0.229   0.000  BCD_next_3_mux0000_f5 (BCD_next<3>)
     FDC:D                     0.197          BCD_reg_3
    ----------------------------------------
    Total                      4.862ns (2.934ns logic, 1.928ns route)
                                       (60.4% logic, 39.6% route)

=========================================================================
Timing constraint: Default OFFSET OUT AFTER for Clock 'clk'
  Total number of paths / destination ports: 7 / 7
-------------------------------------------------------------------------
Offset:              5.342ns (Levels of Logic = 1)
  Source:            bin_reg_6 (FF)
  Destination:       bin<6> (PAD)
  Source Clock:      clk rising

  Data Path: bin_reg_6 to bin<6>
                                Gate     Net
    Cell:in->out      fanout   Delay   Delay  Logical Name (Net Name)
    ----------------------------------------  ------------
     FDC:C->Q              3   0.495   0.451  bin_reg_6 (bin_reg_6)
     OBUF:I->O                 4.396          bin_6_OBUF (bin<6>)
    ----------------------------------------
    Total                      5.342ns (4.891ns logic, 0.451ns route)
                                       (91.6% logic, 8.4% route)

=========================================================================


Total REAL time to Xst completion: 13.00 secs
Total CPU time to Xst completion: 13.47 secs
 
--> 

Total memory usage is 4532756 kilobytes

Number of errors   :    0 (   0 filtered)
Number of warnings :    0 (   0 filtered)
Number of infos    :    0 (   0 filtered)

