Running: C:\Xilinx\14.2\ISE_DS\ISE\bin\nt64\unwrapped\fuse.exe -intstyle ise -incremental -lib unisims_ver -lib unimacro_ver -lib xilinxcorelib_ver -o C:/Personal/G Drive/Digtal System Design/Elbert V2/Codes/disp_mux/testbench_isim_beh.exe -prj C:/Personal/G Drive/Digtal System Design/Elbert V2/Codes/disp_mux/testbench_beh.prj work.testbench work.glbl 
ISim P.28xd (signature 0xa0883be4)
Number of CPUs detected in this system: 4
Turning on mult-threading, number of parallel sub-compilation jobs: 8 
Determining compilation order of HDL files
Analyzing Verilog file "C:/Personal/G Drive/Digtal System Design/Elbert V2/Codes/disp_mux/disp_mux.v" into library work
Analyzing Verilog file "C:/Personal/G Drive/Digtal System Design/Elbert V2/Codes/disp_mux/testbench.v" into library work
Analyzing Verilog file "C:/Xilinx/14.2/ISE_DS/ISE//verilog/src/glbl.v" into library work
Starting static elaboration
Completed static elaboration
Compiling module disp_mux
Compiling module testbench
Compiling module glbl
Time Resolution for simulation is 1ps.
Waiting for 1 sub-compilation(s) to finish...
WARNING:Simulator - Unable to copy libPortabilityNOSH.dll to the simulation executable directory: boost::filesystem::copy_file: The system cannot find the path specified, "isim\testbench_isim_beh.exe.sim\libPortability.dll".
Compiled 3 Verilog Units
Built simulation executable C:/Personal/G Drive/Digtal System Design/Elbert V2/Codes/disp_mux/testbench_isim_beh.exe
Fuse Memory Usage: 26460 KB
Fuse CPU Usage: 609 ms
