Release 14.2 - xst P.28xd (nt64)
Copyright (c) 1995-2012 Xilinx, Inc.  All rights reserved.
--> Parameter TMPDIR set to xst/projnav.tmp


Total REAL time to Xst completion: 0.00 secs
Total CPU time to Xst completion: 0.14 secs
 
--> Parameter xsthdpdir set to xst


Total REAL time to Xst completion: 0.00 secs
Total CPU time to Xst completion: 0.14 secs
 
--> Reading design: vga_sync.prj

TABLE OF CONTENTS
  1) Synthesis Options Summary
  2) HDL Compilation
  3) Design Hierarchy Analysis
  4) HDL Analysis
  5) HDL Synthesis
     5.1) HDL Synthesis Report
  6) Advanced HDL Synthesis
     6.1) Advanced HDL Synthesis Report
  7) Low Level Synthesis
  8) Partition Report
  9) Final Report
	9.1) Device utilization summary
	9.2) Partition Resource Summary
	9.3) TIMING REPORT


=========================================================================
*                      Synthesis Options Summary                        *
=========================================================================
---- Source Parameters
Input File Name                    : "vga_sync.prj"
Input Format                       : mixed
Ignore Synthesis Constraint File   : NO

---- Target Parameters
Output File Name                   : "vga_sync"
Output Format                      : NGC
Target Device                      : xc3s50a-5-tq144

---- Source Options
Top Module Name                    : vga_sync
Automatic FSM Extraction           : YES
FSM Encoding Algorithm             : Auto
Safe Implementation                : No
FSM Style                          : LUT
RAM Extraction                     : Yes
RAM Style                          : Auto
ROM Extraction                     : Yes
Mux Style                          : Auto
Decoder Extraction                 : YES
Priority Encoder Extraction        : Yes
Shift Register Extraction          : YES
Logical Shifter Extraction         : YES
XOR Collapsing                     : YES
ROM Style                          : Auto
Mux Extraction                     : Yes
Resource Sharing                   : YES
Asynchronous To Synchronous        : NO
Multiplier Style                   : Auto
Automatic Register Balancing       : No

---- Target Options
Add IO Buffers                     : YES
Global Maximum Fanout              : 500
Add Generic Clock Buffer(BUFG)     : 24
Register Duplication               : YES
Slice Packing                      : YES
Optimize Instantiated Primitives   : NO
Use Clock Enable                   : Yes
Use Synchronous Set                : Yes
Use Synchronous Reset              : Yes
Pack IO Registers into IOBs        : Auto
Equivalent register Removal        : YES

---- General Options
Optimization Goal                  : Speed
Optimization Effort                : 1
Keep Hierarchy                     : No
Netlist Hierarchy                  : As_Optimized
RTL Output                         : Yes
Global Optimization                : AllClockNets
Read Cores                         : YES
Write Timing Constraints           : NO
Cross Clock Analysis               : NO
Hierarchy Separator                : /
Bus Delimiter                      : <>
Case Specifier                     : Maintain
Slice Utilization Ratio            : 100
BRAM Utilization Ratio             : 100
Verilog 2001                       : YES
Auto BRAM Packing                  : NO
Slice Utilization Ratio Delta      : 5

=========================================================================


=========================================================================
*                          HDL Compilation                              *
=========================================================================
Compiling verilog file "vga_sync.v" in library work
Module <vga_sync> compiled
No errors in compilation
Analysis of file <"vga_sync.prj"> succeeded.
 

=========================================================================
*                     Design Hierarchy Analysis                         *
=========================================================================
Analyzing hierarchy for module <vga_sync> in library <work> with parameters.
	HB = "00000000000000000000000000010000"
	HD = "00000000000000000000001010000000"
	HF = "00000000000000000000000000110000"
	HR = "00000000000000000000000001100000"
	VB = "00000000000000000000000000100001"
	VD = "00000000000000000000000111100000"
	VF = "00000000000000000000000000001010"
	VR = "00000000000000000000000000000010"


=========================================================================
*                            HDL Analysis                               *
=========================================================================
Analyzing top module <vga_sync>.
	HB = 32'sb00000000000000000000000000010000
	HD = 32'sb00000000000000000000001010000000
	HF = 32'sb00000000000000000000000000110000
	HR = 32'sb00000000000000000000000001100000
	VB = 32'sb00000000000000000000000000100001
	VD = 32'sb00000000000000000000000111100000
	VF = 32'sb00000000000000000000000000001010
	VR = 32'sb00000000000000000000000000000010
Module <vga_sync> is correct for synthesis.
 

=========================================================================
*                           HDL Synthesis                               *
=========================================================================

Performing bidirectional port resolution...

Synthesizing Unit <vga_sync>.
    Related source file is "vga_sync.v".
    Found 10-bit up counter for signal <h_counter>.
    Found 10-bit comparator greatequal for signal <hsync_next$cmp_ge0000> created at line 86.
    Found 10-bit comparator less for signal <hsync_next$cmp_lt0000> created at line 86.
    Found 10-bit comparator less for signal <hsync_next$cmp_lt0001> created at line 86.
    Found 1-bit register for signal <hsync_reg>.
    Found 10-bit up counter for signal <v_counter>.
    Found 10-bit comparator greatequal for signal <vsync_next$cmp_ge0000> created at line 87.
    Found 10-bit comparator less for signal <vsync_next$cmp_lt0000> created at line 87.
    Found 10-bit comparator less for signal <vsync_next$cmp_lt0001> created at line 87.
    Found 1-bit register for signal <vsync_reg>.
    Summary:
	inferred   2 Counter(s).
	inferred   2 D-type flip-flop(s).
	inferred   6 Comparator(s).
Unit <vga_sync> synthesized.


=========================================================================
HDL Synthesis Report

Macro Statistics
# Counters                                             : 2
 10-bit up counter                                     : 2
# Registers                                            : 2
 1-bit register                                        : 2
# Comparators                                          : 6
 10-bit comparator greatequal                          : 2
 10-bit comparator less                                : 4

=========================================================================

=========================================================================
*                       Advanced HDL Synthesis                          *
=========================================================================


=========================================================================
Advanced HDL Synthesis Report

Macro Statistics
# Counters                                             : 2
 10-bit up counter                                     : 2
# Registers                                            : 2
 Flip-Flops                                            : 2
# Comparators                                          : 6
 10-bit comparator greatequal                          : 2
 10-bit comparator less                                : 4

=========================================================================

=========================================================================
*                         Low Level Synthesis                           *
=========================================================================

Optimizing unit <vga_sync> ...

Mapping all equations...
Building and optimizing final netlist ...
Found area constraint ratio of 100 (+ 5) on block vga_sync, actual ratio is 4.

Final Macro Processing ...

=========================================================================
Final Register Report

Macro Statistics
# Registers                                            : 22
 Flip-Flops                                            : 22

=========================================================================

=========================================================================
*                           Partition Report                            *
=========================================================================

Partition Implementation Status
-------------------------------

  No Partitions were found in this design.

-------------------------------

=========================================================================
*                            Final Report                               *
=========================================================================
Final Results
RTL Top Level Output File Name     : vga_sync.ngr
Top Level Output File Name         : vga_sync
Output Format                      : NGC
Optimization Goal                  : Speed
Keep Hierarchy                     : No

Design Statistics
# IOs                              : 24

Cell Usage :
# BELS                             : 98
#      GND                         : 1
#      INV                         : 3
#      LUT1                        : 18
#      LUT2                        : 21
#      LUT3                        : 2
#      LUT3_L                      : 1
#      LUT4                        : 9
#      LUT4_D                      : 2
#      LUT4_L                      : 2
#      MUXCY                       : 18
#      VCC                         : 1
#      XORCY                       : 20
# FlipFlops/Latches                : 22
#      FDC                         : 12
#      FDCE                        : 10
# Clock Buffers                    : 1
#      BUFGP                       : 1
# IO Buffers                       : 23
#      IBUF                        : 1
#      OBUF                        : 22
=========================================================================

Device utilization summary:
---------------------------

Selected Device : 3s50atq144-5 

 Number of Slices:                       30  out of    704     4%  
 Number of Slice Flip Flops:             22  out of   1408     1%  
 Number of 4 input LUTs:                 58  out of   1408     4%  
 Number of IOs:                          24
 Number of bonded IOBs:                  24  out of    108    22%  
 Number of GCLKs:                         1  out of     24     4%  

---------------------------
Partition Resource Summary:
---------------------------

  No Partitions were found in this design.

---------------------------


=========================================================================
TIMING REPORT

NOTE: THESE TIMING NUMBERS ARE ONLY A SYNTHESIS ESTIMATE.
      FOR ACCURATE TIMING INFORMATION PLEASE REFER TO THE TRACE REPORT
      GENERATED AFTER PLACE-and-ROUTE.

Clock Information:
------------------
-----------------------------------+------------------------+-------+
Clock Signal                       | Clock buffer(FF name)  | Load  |
-----------------------------------+------------------------+-------+
clk                                | BUFGP                  | 22    |
-----------------------------------+------------------------+-------+

Asynchronous Control Signals Information:
----------------------------------------
-----------------------------------+------------------------+-------+
Control Signal                     | Buffer(FF name)        | Load  |
-----------------------------------+------------------------+-------+
rst_n_inv(rst_n_inv1_INV_0:O)      | NONE(h_counter_0)      | 22    |
-----------------------------------+------------------------+-------+

Timing Summary:
---------------
Speed Grade: -5

   Minimum period: 4.516ns (Maximum Frequency: 221.432MHz)
   Minimum input arrival time before clock: No path found
   Maximum output required time after clock: 5.460ns
   Maximum combinational path delay: No path found

Timing Detail:
--------------
All values displayed in nanoseconds (ns)

=========================================================================
Timing constraint: Default period analysis for Clock 'clk'
  Clock period: 4.516ns (frequency: 221.432MHz)
  Total number of paths / destination ports: 437 / 32
-------------------------------------------------------------------------
Delay:               4.516ns (Levels of Logic = 11)
  Source:            v_counter_1 (FF)
  Destination:       v_counter_9 (FF)
  Source Clock:      clk rising
  Destination Clock: clk rising

  Data Path: v_counter_1 to v_counter_9
                                Gate     Net
    Cell:in->out      fanout   Delay   Delay  Logical Name (Net Name)
    ----------------------------------------  ------------
     FDCE:C->Q             5   0.495   0.646  v_counter_1 (v_counter_1)
     LUT1:I0->O            1   0.561   0.000  Mcount_v_counter_cy<1>_rt (Mcount_v_counter_cy<1>_rt)
     MUXCY:S->O            1   0.523   0.000  Mcount_v_counter_cy<1> (Mcount_v_counter_cy<1>)
     MUXCY:CI->O           1   0.065   0.000  Mcount_v_counter_cy<2> (Mcount_v_counter_cy<2>)
     MUXCY:CI->O           1   0.065   0.000  Mcount_v_counter_cy<3> (Mcount_v_counter_cy<3>)
     MUXCY:CI->O           1   0.065   0.000  Mcount_v_counter_cy<4> (Mcount_v_counter_cy<4>)
     MUXCY:CI->O           1   0.065   0.000  Mcount_v_counter_cy<5> (Mcount_v_counter_cy<5>)
     MUXCY:CI->O           1   0.065   0.000  Mcount_v_counter_cy<6> (Mcount_v_counter_cy<6>)
     MUXCY:CI->O           1   0.065   0.000  Mcount_v_counter_cy<7> (Mcount_v_counter_cy<7>)
     MUXCY:CI->O           0   0.065   0.000  Mcount_v_counter_cy<8> (Mcount_v_counter_cy<8>)
     XORCY:CI->O           1   0.654   0.423  Mcount_v_counter_xor<9> (Result<9>1)
     LUT2:I1->O            1   0.562   0.000  Mcount_v_counter_eqn_91 (Mcount_v_counter_eqn_9)
     FDCE:D                    0.197          v_counter_9
    ----------------------------------------
    Total                      4.516ns (3.447ns logic, 1.069ns route)
                                       (76.3% logic, 23.7% route)

=========================================================================
Timing constraint: Default OFFSET OUT AFTER for Clock 'clk'
  Total number of paths / destination ports: 22 / 22
-------------------------------------------------------------------------
Offset:              5.460ns (Levels of Logic = 1)
  Source:            h_counter_8 (FF)
  Destination:       pixel_x<8> (PAD)
  Source Clock:      clk rising

  Data Path: h_counter_8 to pixel_x<8>
                                Gate     Net
    Cell:in->out      fanout   Delay   Delay  Logical Name (Net Name)
    ----------------------------------------  ------------
     FDC:C->Q              6   0.495   0.569  h_counter_8 (h_counter_8)
     OBUF:I->O                 4.396          pixel_x_8_OBUF (pixel_x<8>)
    ----------------------------------------
    Total                      5.460ns (4.891ns logic, 0.569ns route)
                                       (89.6% logic, 10.4% route)

=========================================================================


Total REAL time to Xst completion: 6.00 secs
Total CPU time to Xst completion: 6.20 secs
 
--> 

Total memory usage is 4518248 kilobytes

Number of errors   :    0 (   0 filtered)
Number of warnings :    0 (   0 filtered)
Number of infos    :    0 (   0 filtered)

